Build started 28/06/2021 14:49:42.
Logging verbosity is set to: Normal.     1>Project "D:\Projetos\GIT\vs2019\FPSCpp\FPSCpp.vcxproj" on node 2 (Build target(s)).
     1>InitializeBuildStatus:
         Creating "Debug\FPSCpp.tlog\unsuccessfulbuild" because "AlwaysCreate" was specified.
       ClCompile:
         C:\Program Files (x86)\Microsoft Visual Studio\2019\Community\VC\Tools\MSVC\14.28.29910\bin\HostX86\x86\CL.exe /c /ZI /JMC /nologo /W3 /WX- /diagnostics:column /sdl /Od /Oy- /D WIN32 /D _DEBUG /D _CONSOLE /D _UNICODE /D UNICODE /Gm- /EHsc /RTC1 /MDd /GS /fp:precise /permissive- /Zc:wchar_t /Zc:forScope /Zc:inline /Fo"Debug\\" /Fd"Debug\vc142.pdb" /Gd /TP /analyze- /FC /errorReport:prompt source.cpp
         source.cpp
     1>D:\Projetos\GIT\vs2019\FPSCpp\source.cpp(223,26): warning C4305: 'initializing': truncation from 'double' to 'float'
     1>D:\Projetos\GIT\vs2019\FPSCpp\source.cpp(232,17): warning C4244: 'initializing': conversion from 'float' to 'int', possible loss of data
       Link:
         C:\Program Files (x86)\Microsoft Visual Studio\2019\Community\VC\Tools\MSVC\14.28.29910\bin\HostX86\x86\link.exe /ERRORREPORT:PROMPT /OUT:"D:\Projetos\GIT\vs2019\SintetizadorCpp\Debug\FPSCpp.exe" /INCREMENTAL /NOLOGO kernel32.lib user32.lib gdi32.lib winspool.lib comdlg32.lib advapi32.lib shell32.lib ole32.lib oleaut32.lib uuid.lib odbc32.lib odbccp32.lib /MANIFEST /MANIFESTUAC:"level='asInvoker' uiAccess='false'" /manifest:embed /DEBUG:FASTLINK /PDB:"D:\Projetos\GIT\vs2019\SintetizadorCpp\Debug\FPSCpp.pdb" /SUBSYSTEM:CONSOLE /TLBID:1 /DYNAMICBASE /NXCOMPAT /IMPLIB:"D:\Projetos\GIT\vs2019\SintetizadorCpp\Debug\FPSCpp.lib" /MACHINE:X86 Debug\source.obj
         FPSCpp.vcxproj -> D:\Projetos\GIT\vs2019\SintetizadorCpp\Debug\FPSCpp.exe
       FinalizeBuildStatus:
         Deleting file "Debug\FPSCpp.tlog\unsuccessfulbuild".
         Touching "Debug\FPSCpp.tlog\FPSCpp.lastbuildstate".
     1>Done Building Project "D:\Projetos\GIT\vs2019\FPSCpp\FPSCpp.vcxproj" (Build target(s)).

Build succeeded.

       "D:\Projetos\GIT\vs2019\FPSCpp\FPSCpp.vcxproj" (Build target) (1) ->
       (ClCompile target) -> 
         D:\Projetos\GIT\vs2019\FPSCpp\source.cpp(223,26): warning C4305: 'initializing': truncation from 'double' to 'float'
         D:\Projetos\GIT\vs2019\FPSCpp\source.cpp(232,17): warning C4244: 'initializing': conversion from 'float' to 'int', possible loss of data

    2 Warning(s)
    0 Error(s)

Time Elapsed 00:00:02.63
