Build started 29/06/2021 09:45:22.
Logging verbosity is set to: Normal.     1>Project "D:\Projetos\GIT\vs2019\SnakeCpp\SnakeCpp.vcxproj" on node 2 (Rebuild target(s)).
     1>_PrepareForClean:
         Deleting file "Debug\SnakeCpp.tlog\SnakeCpp.lastbuildstate".
       InitializeBuildStatus:
         Creating "Debug\SnakeCpp.tlog\unsuccessfulbuild" because "AlwaysCreate" was specified.
       ClCompile:
         C:\Program Files (x86)\Microsoft Visual Studio\2019\Community\VC\Tools\MSVC\14.28.29910\bin\HostX86\x86\CL.exe /c /ZI /JMC /nologo /W3 /WX- /diagnostics:column /sdl /Od /Oy- /D WIN32 /D _DEBUG /D _CONSOLE /D _UNICODE /D UNICODE /Gm- /EHsc /RTC1 /MDd /GS /fp:precise /permissive- /Zc:wchar_t /Zc:forScope /Zc:inline /Fo"Debug\\" /Fd"Debug\vc142.pdb" /Gd /TP /analyze- /FC /errorReport:prompt main.cpp
         main.cpp
       Link:
         C:\Program Files (x86)\Microsoft Visual Studio\2019\Community\VC\Tools\MSVC\14.28.29910\bin\HostX86\x86\link.exe /ERRORREPORT:PROMPT /OUT:"D:\Projetos\GIT\vs2019\SintetizadorCpp\Debug\SnakeCpp.exe" /INCREMENTAL /NOLOGO kernel32.lib user32.lib gdi32.lib winspool.lib comdlg32.lib advapi32.lib shell32.lib ole32.lib oleaut32.lib uuid.lib odbc32.lib odbccp32.lib /MANIFEST /MANIFESTUAC:"level='asInvoker' uiAccess='false'" /manifest:embed /DEBUG:FASTLINK /PDB:"D:\Projetos\GIT\vs2019\SintetizadorCpp\Debug\SnakeCpp.pdb" /SUBSYSTEM:CONSOLE /TLBID:1 /DYNAMICBASE /NXCOMPAT /IMPLIB:"D:\Projetos\GIT\vs2019\SintetizadorCpp\Debug\SnakeCpp.lib" /MACHINE:X86 Debug\main.obj
         SnakeCpp.vcxproj -> D:\Projetos\GIT\vs2019\SintetizadorCpp\Debug\SnakeCpp.exe
       FinalizeBuildStatus:
         Deleting file "Debug\SnakeCpp.tlog\unsuccessfulbuild".
         Touching "Debug\SnakeCpp.tlog\SnakeCpp.lastbuildstate".
     1>Done Building Project "D:\Projetos\GIT\vs2019\SnakeCpp\SnakeCpp.vcxproj" (Rebuild target(s)).

Build succeeded.
    0 Warning(s)
    0 Error(s)

Time Elapsed 00:00:01.71
