Build started 05/07/2021 14:28:45.
Logging verbosity is set to: Normal.     1>Project "D:\Projetos\c++\TetrisCpp\TetrisCpp\TetrisCpp.vcxproj" on node 2 (Build target(s)).
     1>InitializeBuildStatus:
         Creating "Debug\TetrisCpp.tlog\unsuccessfulbuild" because "AlwaysCreate" was specified.
       ClCompile:
         C:\Program Files (x86)\Microsoft Visual Studio\2019\Community\VC\Tools\MSVC\14.28.29910\bin\HostX86\x86\CL.exe /c /ZI /JMC /nologo /W3 /WX- /diagnostics:column /sdl /Od /Oy- /D WIN32 /D _DEBUG /D _CONSOLE /D _UNICODE /D UNICODE /Gm- /EHsc /RTC1 /MDd /GS /fp:precise /permissive- /Zc:wchar_t /Zc:forScope /Zc:inline /Fo"Debug\\" /Fd"Debug\vc142.pdb" /Gd /TP /analyze- /FC /errorReport:prompt Source.cpp
         Source.cpp
     1>D:\Projetos\c++\TetrisCpp\TetrisCpp\Source.cpp(90,7): warning C4101: 'bRotateHold': unreferenced local variable
       Link:
         C:\Program Files (x86)\Microsoft Visual Studio\2019\Community\VC\Tools\MSVC\14.28.29910\bin\HostX86\x86\link.exe /ERRORREPORT:PROMPT /OUT:"D:\Projetos\c++\TetrisCpp\TetrisCpp\Debug\TetrisCpp.exe" /INCREMENTAL /NOLOGO kernel32.lib user32.lib gdi32.lib winspool.lib comdlg32.lib advapi32.lib shell32.lib ole32.lib oleaut32.lib uuid.lib odbc32.lib odbccp32.lib /MANIFEST /MANIFESTUAC:"level='asInvoker' uiAccess='false'" /manifest:embed /DEBUG:FASTLINK /PDB:"D:\Projetos\c++\TetrisCpp\TetrisCpp\Debug\TetrisCpp.pdb" /SUBSYSTEM:CONSOLE /TLBID:1 /DYNAMICBASE /NXCOMPAT /IMPLIB:"D:\Projetos\c++\TetrisCpp\TetrisCpp\Debug\TetrisCpp.lib" /MACHINE:X86 Debug\Source.obj
         TetrisCpp.vcxproj -> D:\Projetos\c++\TetrisCpp\TetrisCpp\Debug\TetrisCpp.exe
       FinalizeBuildStatus:
         Deleting file "Debug\TetrisCpp.tlog\unsuccessfulbuild".
         Touching "Debug\TetrisCpp.tlog\TetrisCpp.lastbuildstate".
     1>Done Building Project "D:\Projetos\c++\TetrisCpp\TetrisCpp\TetrisCpp.vcxproj" (Build target(s)).

Build succeeded.

       "D:\Projetos\c++\TetrisCpp\TetrisCpp\TetrisCpp.vcxproj" (Build target) (1) ->
       (ClCompile target) -> 
         D:\Projetos\c++\TetrisCpp\TetrisCpp\Source.cpp(90,7): warning C4101: 'bRotateHold': unreferenced local variable

    1 Warning(s)
    0 Error(s)

Time Elapsed 00:00:02.51
